Build started 5/1/2012 10:04:44 PM.
     1>Project "C:\Users\Michael Bekesz\Desktop\School\School 07-09\School 09\Spring09\CS161ObjectOriented\PublicFolder\18-bugz\18-bugz.vcxproj" on node 2 (build target(s)).
     1>InitializeBuildStatus:
         Creating "Debug\18-bugz.unsuccessfulbuild" because "AlwaysCreate" was specified.
       ClCompile:
         All outputs are up-to-date.
       ManifestResourceCompile:
         All outputs are up-to-date.
       Link:
         C:\Program Files (x86)\Microsoft Visual Studio 10.0\VC\bin\link.exe /ERRORREPORT:PROMPT /OUT:"C:\Users\Michael Bekesz\Desktop\School\School 07-09\School 09\Spring09\CS161ObjectOriented\PublicFolder\18-bugz\Debug\18-bugz.exe" /INCREMENTAL /NOLOGO /LIBPATH:..\lib fltk.lib fltkimages.lib fltkpng.lib fltkjpeg.lib fltkz.lib wsock32.lib comctl32.lib kernel32.lib user32.lib gdi32.lib winspool.lib comdlg32.lib advapi32.lib shell32.lib ole32.lib oleaut32.lib uuid.lib odbc32.lib odbccp32.lib /NODEFAULTLIB:msvcrt.lib /MANIFEST /ManifestFile:"Debug\18-bugz.exe.intermediate.manifest" /MANIFESTUAC:"level='asInvoker' uiAccess='false'" /DEBUG /PDB:"C:\Users\Michael Bekesz\Desktop\School\School 07-09\School 09\Spring09\CS161ObjectOriented\PublicFolder\18-bugz\Debug\18-bugz.pdb" /SUBSYSTEM:CONSOLE /TLBID:1 /DYNAMICBASE /NXCOMPAT /IMPLIB:"C:\Users\Michael Bekesz\Desktop\School\School 07-09\School 09\Spring09\CS161ObjectOriented\PublicFolder\18-bugz\Debug\18-bugz.lib" /MACHINE:X86 "Debug\18-bugz.exe.embed.manifest.res"
         Debug\insect.obj
         Debug\kitchen.obj
         Debug\main.obj
       Manifest:
         C:\Program Files (x86)\Microsoft SDKs\Windows\v7.0A\bin\mt.exe /nologo /verbose /out:"Debug\18-bugz.exe.embed.manifest" /manifest "Debug\18-bugz.exe.intermediate.manifest"
         All outputs are up-to-date.
       LinkEmbedManifest:
         All outputs are up-to-date.
         18-bugz.vcxproj -> C:\Users\Michael Bekesz\Desktop\School\School 07-09\School 09\Spring09\CS161ObjectOriented\PublicFolder\18-bugz\Debug\18-bugz.exe
       FinalizeBuildStatus:
         Deleting file "Debug\18-bugz.unsuccessfulbuild".
         Touching "Debug\18-bugz.lastbuildstate".
     1>Done Building Project "C:\Users\Michael Bekesz\Desktop\School\School 07-09\School 09\Spring09\CS161ObjectOriented\PublicFolder\18-bugz\18-bugz.vcxproj" (build target(s)).

Build succeeded.

Time Elapsed 00:00:02.01
